[APP] 2025/09/04 10:21:16 Автозапуск включен в конфиге - запускаем все источники...
[APP] 2025/09/04 10:21:16 Автозапуск завершен
[APP] 2025/09/04 10:21:16 Автозапуск включен в конфиге - запускаем все источники...
[APP] 2025/09/04 10:21:16 Автозапуск завершен успешно
[APP] 2025/09/04 10:22:54 Автозапуск включен в конфиге - запускаем все источники...
[APP] 2025/09/04 10:22:54 Автозапуск завершен
[APP] 2025/09/04 10:22:54 Автозапуск включен в конфиге - запускаем все источники...
[APP] 2025/09/04 10:22:54 Автозапуск завершен успешно
[APP] 2025/09/04 10:22:54 Автозапуск включен в конфиге - запускаем все источники...
[APP] 2025/09/04 10:28:21 main.go:403: Автозапуск включен в конфиге - запускаем все источники...
[APP] 2025/09/04 10:28:21 main.go:405: Автозапуск завершен
[APP] 2025/09/04 10:28:21 main.go:167: Автозапуск включен в конфиге - запускаем все источники...
[APP] 2025/09/04 10:28:21 main.go:171: Автозапуск завершен успешно
[APP] 2025/09/04 10:28:21 main.go:214: Автозапуск включен в конфиге - запускаем все источники...
[APP] 2025/09/04 10:32:45 Автозапуск включен в конфиге - запускаем все источники...
[APP] 2025/09/04 10:32:45 Автозапуск завершен
[APP] 2025/09/04 10:32:45 Автозапуск включен в конфиге - запускаем все источники...
[APP] 2025/09/04 10:32:45 Автозапуск завершен успешно
[APP] 2025/09/04 10:32:46 Автозапуск включен в конфиге - запускаем все источники...
[APP] 2025/09/04 10:33:15 Config file changed: 2025-09-03 08:59:29.0380668 +0300 MSK -> 2025-09-04 10:33:14.152983 +0300 MSK
[APP] 2025/09/04 10:34:22 Автозапуск включен в конфиге - запускаем все источники...
[APP] 2025/09/04 10:34:22 Автозапуск завершен
[APP] 2025/09/04 10:34:22 Автозапуск включен в конфиге - запускаем все источники...
[APP] 2025/09/04 10:34:22 Автозапуск завершен успешно
[APP] 2025/09/04 10:34:22 Автозапуск включен в конфиге - запускаем все источники...
[APP] 2025/09/04 10:41:01 Автозапуск включен в конфиге - запускаем все источники...
[APP] 2025/09/04 10:41:01 Автозапуск завершен
[APP] 2025/09/04 10:41:01 Автозапуск включен в конфиге - запускаем все источники...
[APP] 2025/09/04 10:41:01 Автозапуск завершен успешно
[APP] 2025/09/04 11:07:08 Logger инициализирован с LogMode: all (MaxSize: 50MB)
[APP] 2025/09/04 11:07:08 Автозапуск включен в конфиге - запускаем все источники...
[APP] 2025/09/04 11:07:08 Автозапуск завершен успешно
[APP] 2025/09/04 11:08:55 Logger инициализирован с LogMode: all (MaxSize: 50MB)
[APP] 2025/09/04 11:08:55 Автозапуск включен в конфиге - запускаем все источники...
[APP] 2025/09/04 11:08:55 Автозапуск завершен успешно
[APP] 2025/09/04 11:12:13 Logger инициализирован с LogMode: all (MaxSize: 50MB)
[APP] 2025/09/04 11:12:13 Автозапуск включен в конфиге - запускаем все источники...
[APP] 2025/09/04 11:12:13 Автозапуск завершен успешно
[APP] 2025/09/04 11:14:29 Logger инициализирован с LogMode: all (MaxSize: 50MB)
[APP] 2025/09/04 11:14:29 Автозапуск включен в конфиге - запускаем все источники...
[APP] 2025/09/04 11:14:29 Автозапуск завершен успешно
[APP] 2025/09/04 11:14:55 Logger инициализирован с LogMode: all (MaxSize: 50MB)
[APP] 2025/09/04 11:14:55 Автозапуск включен в конфиге - запускаем все источники...
[APP] 2025/09/04 11:14:55 Автозапуск завершен успешно
[APP] 2025/09/04 11:15:30 Config file changed: 2025-09-04 10:33:14.152983 +0300 MSK -> 2025-09-04 11:15:29.804017 +0300 MSK
[APP] 2025/09/04 11:16:32 Начинаем shutdown...
[APP] 2025/09/04 11:16:32 HealthMonitoring: получен сигнал остановки
[APP] 2025/09/04 11:16:32 HealthMonitoring: получен сигнал остановки
[APP] 2025/09/04 11:16:32 HealthMonitoring: горутина завершена
[APP] 2025/09/04 11:16:32 HealthMonitoring: горутина завершена
[APP] 2025/09/04 11:16:32 ConfigWatcher: получен сигнал остановки
[APP] 2025/09/04 11:16:33 Shutdown завершен
[APP] 2025/09/04 11:16:35 Logger инициализирован с LogMode: errors (MaxSize: 10MB)
[APP] 2025/09/04 11:16:35 Автозапуск включен в конфиге - запускаем все источники...
[APP] 2025/09/04 11:16:35 Автозапуск завершен успешно
[APP] 2025/09/04 11:17:50 Logger инициализирован с LogMode: errors (MaxSize: 10MB)
[APP] 2025/09/04 11:17:50 Автозапуск включен в конфиге - запускаем все источники...
[APP] 2025/09/04 11:17:50 Автозапуск завершен успешно
[APP] 2025/09/04 11:20:00 Начинаем shutdown...
[APP] 2025/09/04 11:20:00 ConfigWatcher: получен сигнал остановки
[APP] 2025/09/04 11:20:00 HealthMonitoring: получен сигнал остановки
[APP] 2025/09/04 11:20:00 HealthMonitoring: горутина завершена
[APP] 2025/09/04 11:20:01 Shutdown завершен
[APP] 2025/09/04 11:20:03 Logger инициализирован с LogMode: errors (MaxSize: 10MB)
[APP] 2025/09/04 11:20:03 Автозапуск включен в конфиге - запускаем все источники...
[APP] 2025/09/04 11:20:03 Автозапуск завершен успешно
[APP] 2025/09/04 11:23:51 Logger инициализирован с LogMode: errors (MaxSize: 10MB)
[APP] 2025/09/04 11:23:51 Автозапуск включен в конфиге - запускаем все источники...
[APP] 2025/09/04 11:23:51 Автозапуск завершен успешно
[APP] 2025/09/04 11:27:12 Logger инициализирован с LogMode: errors (MaxSize: 10MB)
[APP] 2025/09/04 11:27:14 Автозапуск включен в конфиге - запускаем все источники...
[APP] 2025/09/04 11:27:14 Автозапуск завершен успешно
[APP] 2025/09/04 12:19:12 Logger инициализирован с LogMode: errors (MaxSize: 10MB)
[APP] 2025/09/04 12:19:13 Автозапуск включен в конфиге - запускаем все источники...
[APP] 2025/09/04 12:19:13 Автозапуск завершен успешно
[APP] 2025/09/04 14:21:46 Logger инициализирован с LogMode: errors (MaxSize: 10MB)
[APP] 2025/09/04 14:21:47 Автозапуск включен в конфиге - запускаем все источники...
[APP] 2025/09/04 14:21:47 Автозапуск завершен успешно
[APP] 2025/09/04 14:24:13 Logger инициализирован с LogMode: errors (MaxSize: 10MB)
[APP] 2025/09/04 14:24:14 Автозапуск включен в конфиге - запускаем все источники...
[APP] 2025/09/04 14:24:14 Автозапуск завершен успешно
[APP] 2025/09/04 14:24:54 Logger инициализирован с LogMode: errors (MaxSize: 10MB)
[APP] 2025/09/04 14:24:55 Автозапуск включен в конфиге - запускаем все источники...
[APP] 2025/09/04 14:24:55 Автозапуск завершен успешно
[APP] 2025/09/04 15:19:18 Logger инициализирован с LogMode: errors (MaxSize: 10MB)
[APP] 2025/09/04 15:19:20 Автозапуск включен в конфиге - запускаем все источники...
[APP] 2025/09/04 15:19:20 Автозапуск завершен успешно
[APP] 2025/09/04 15:19:58 Config file changed: 2025-09-04 11:15:29.804017 +0300 MSK -> 2025-09-04 15:19:57.2149196 +0300 MSK
[APP] 2025/09/04 15:26:50 Начинаем shutdown...
[APP] 2025/09/04 15:26:50 HealthMonitoring: получен сигнал остановки
[APP] 2025/09/04 15:26:50 ConfigWatcher: получен сигнал остановки
[APP] 2025/09/04 15:26:50 HealthMonitoring: получен сигнал остановки
[APP] 2025/09/04 15:26:50 HealthMonitoring: горутина завершена
[APP] 2025/09/04 15:26:50 HealthMonitoring: горутина завершена
[APP] 2025/09/04 15:26:51 Shutdown завершен
[APP] 2025/09/04 15:26:52 Logger инициализирован с LogMode: all (MaxSize: 50MB)
[APP] 2025/09/04 15:26:53 Автозапуск включен в конфиге - запускаем все источники...
[APP] 2025/09/04 15:26:53 Автозапуск завершен успешно
[APP] 2025/09/04 15:32:57 Logger инициализирован с LogMode: all (MaxSize: 50MB)
[APP] 2025/09/04 15:32:58 Автозапуск включен в конфиге - запускаем все источники...
[APP] 2025/09/04 15:32:58 Автозапуск завершен успешно
[APP] 2025/09/04 15:33:17 Config file changed: 2025-09-04 15:19:57.2149196 +0300 MSK -> 2025-09-04 15:33:16.6955415 +0300 MSK
[APP] 2025/09/04 15:41:58 Logger инициализирован с LogMode: errors (MaxSize: 10MB)
[APP] 2025/09/04 15:42:00 Автозапуск включен в конфиге - запускаем все источники...
[APP] 2025/09/04 15:42:00 Автозапуск завершен успешно
[APP] 2025/09/04 15:42:05 Начинаем shutdown...
[APP] 2025/09/04 15:42:08 Logger инициализирован с LogMode: errors (MaxSize: 10MB)
[APP] 2025/09/04 15:42:10 Автозапуск включен в конфиге - запускаем все источники...
[APP] 2025/09/04 15:42:10 Автозапуск завершен успешно
[APP] 2025/09/04 16:02:45 Logger инициализирован с LogMode: errors (MaxSize: 10MB)
[APP] 2025/09/04 16:02:47 Автозапуск включен в конфиге - запускаем все источники...
[APP] 2025/09/04 16:02:47 Автозапуск завершен успешно
[APP] 2025/09/04 16:03:10 Config file changed: 2025-09-04 15:33:16.6955415 +0300 MSK -> 2025-09-04 16:03:05.9434902 +0300 MSK
[APP] 2025/09/04 16:11:42 Logger инициализирован с LogMode: all (MaxSize: 50MB)
[APP] 2025/09/04 16:11:44 Автозапуск включен в конфиге - запускаем все источники...
[APP] 2025/09/04 16:11:44 Автозапуск завершен успешно
[APP] 2025/09/04 16:12:16 Logger инициализирован с LogMode: all (MaxSize: 50MB)
[APP] 2025/09/04 16:12:18 Автозапуск включен в конфиге - запускаем все источники...
[APP] 2025/09/04 16:12:18 Автозапуск завершен успешно
