2025/09/01 16:35:05 [TG5_Minute] Старт процесса
2025/09/01 16:35:05 [TG5_Minute] Start completed
2025/09/01 16:35:05 [TG5_Minute] Горутина запустилась
2025/09/01 16:35:05 [TG5_Minute] Ошибка обработки данных: неизвестный тип парсера: tg5_minute
2025/09/01 16:35:20 [TG5_Minute] Следующая итерация в 2025-09-01 16:35:20.5774803 +0300 MSK m=+6498.542198201
2025/09/01 16:35:20 [TG5_Minute] Ошибка обработки данных: неизвестный тип парсера: tg5_minute
2025/09/01 16:35:35 [TG5_Minute] Следующая итерация в 2025-09-01 16:35:35.5805463 +0300 MSK m=+6513.545263801
2025/09/01 16:35:35 [TG5_Minute] Ошибка обработки данных: неизвестный тип парсера: tg5_minute
2025/09/01 16:35:40 [TG5_Minute] Остановка процесса
2025/09/01 16:35:40 [TG5_Minute] Получен сигнал остановки
2025/09/01 16:35:40 [TG5_Minute] Горутина завершилась
2025/09/01 16:35:40 [TG5_Minute] Процесс остановлен
2025/09/01 16:36:50 [ТГ-5 Минутные] Старт процесса
2025/09/01 16:36:50 [ТГ-5 Минутные] Start completed
2025/09/01 16:36:50 [ТГ-5 Минутные] Горутина запустилась
2025/09/01 16:36:50 [ТГ-5 Минутные] Ошибка обработки данных: неизвестный тип парсера: tg5_minute
2025/09/01 16:37:01 [ТГ-5 Минутные] Остановка процесса
2025/09/01 16:37:01 [ТГ-5 Минутные] Получен сигнал остановки
2025/09/01 16:37:01 [ТГ-5 Минутные] Горутина завершилась
2025/09/01 16:37:01 [ТГ-5 Минутные] Процесс остановлен
